2025-07-03 23:35:04,062 - INFO - Ёксперимент: narrow - [64, 32, 16]
2025-07-03 23:35:38,654 - INFO - Ёксперимент: narrow - [64, 32, 16]
2025-07-03 23:36:56,667 - INFO - Ёксперимент: width_narrow
2025-07-03 23:36:56,667 - INFO - ѕараметры: 53018, ¬рем€: 78.01s
2025-07-03 23:36:56,667 - INFO - »тогова€ точность - Train: 0.9751, Test: 0.9676

2025-07-03 23:36:56,967 - INFO - Ёксперимент: medium - [256, 128, 64]
2025-07-03 23:38:17,590 - INFO - Ёксперимент: width_medium
2025-07-03 23:38:17,590 - INFO - ѕараметры: 242762, ¬рем€: 80.62s
2025-07-03 23:38:17,591 - INFO - »тогова€ точность - Train: 0.9856, Test: 0.9775

2025-07-03 23:38:17,871 - INFO - Ёксперимент: wide - [1024, 512, 256]
2025-07-03 23:39:52,141 - INFO - Ёксперимент: width_wide
2025-07-03 23:39:52,141 - INFO - ѕараметры: 1462538, ¬рем€: 94.27s
2025-07-03 23:39:52,141 - INFO - »тогова€ точность - Train: 0.9859, Test: 0.9661

2025-07-03 23:39:52,430 - INFO - Ёксперимент: very_wide - [2048, 1024, 512]
2025-07-03 23:41:23,468 - INFO - Ёксперимент: width_very_wide
2025-07-03 23:41:23,468 - INFO - ѕараметры: 4235786, ¬рем€: 91.04s
2025-07-03 23:41:23,468 - INFO - »тогова€ точность - Train: 0.9859, Test: 0.9764

2025-07-03 23:42:09,570 - INFO - Ёксперимент: narrow - [64, 32, 16]
2025-07-03 23:43:27,393 - INFO - Ёксперимент: width_narrow
2025-07-03 23:43:27,393 - INFO - ѕараметры: 53018, ¬рем€: 77.82s
2025-07-03 23:43:27,393 - INFO - »тогова€ точность - Train: 0.9749, Test: 0.9646

2025-07-03 23:43:27,705 - INFO - Ёксперимент: medium - [256, 128, 64]
2025-07-03 23:44:48,002 - INFO - Ёксперимент: width_medium
2025-07-03 23:44:48,002 - INFO - ѕараметры: 242762, ¬рем€: 80.30s
2025-07-03 23:44:48,002 - INFO - »тогова€ точность - Train: 0.9852, Test: 0.9744

2025-07-03 23:44:48,274 - INFO - Ёксперимент: wide - [1024, 512, 256]
2025-07-03 23:46:21,571 - INFO - Ёксперимент: width_wide
2025-07-03 23:46:21,571 - INFO - ѕараметры: 1462538, ¬рем€: 93.30s
2025-07-03 23:46:21,571 - INFO - »тогова€ точность - Train: 0.9867, Test: 0.9766

2025-07-03 23:46:21,854 - INFO - Ёксперимент: very_wide - [2048, 1024, 512]
2025-07-03 23:47:52,574 - INFO - Ёксперимент: width_very_wide
2025-07-03 23:47:52,574 - INFO - ѕараметры: 4235786, ¬рем€: 90.72s
2025-07-03 23:47:52,574 - INFO - »тогова€ точность - Train: 0.9862, Test: 0.9752

2025-07-03 23:48:41,926 - INFO - Ёксперимент: grid_64-32-16
2025-07-03 23:48:41,926 - INFO - ѕараметры: 53018, ¬рем€: 49.08s
2025-07-03 23:48:41,926 - INFO - »тогова€ точность - Train: 0.9629, Test: 0.9590

2025-07-03 23:49:29,602 - INFO - Ёксперимент: grid_64-64-16
2025-07-03 23:49:29,602 - INFO - ѕараметры: 55610, ¬рем€: 47.67s
2025-07-03 23:49:29,602 - INFO - »тогова€ точность - Train: 0.9655, Test: 0.9584

2025-07-03 23:50:17,035 - INFO - Ёксперимент: grid_64-128-16
2025-07-03 23:50:17,035 - INFO - ѕараметры: 60794, ¬рем€: 47.43s
2025-07-03 23:50:17,035 - INFO - »тогова€ точность - Train: 0.9687, Test: 0.9676

2025-07-03 23:51:04,655 - INFO - Ёксперимент: grid_128-32-16
2025-07-03 23:51:04,655 - INFO - ѕараметры: 105306, ¬рем€: 47.62s
2025-07-03 23:51:04,655 - INFO - »тогова€ точность - Train: 0.9711, Test: 0.9679

2025-07-03 23:51:52,382 - INFO - Ёксперимент: grid_128-64-16
2025-07-03 23:51:52,382 - INFO - ѕараметры: 109946, ¬рем€: 47.72s
2025-07-03 23:51:52,382 - INFO - »тогова€ точность - Train: 0.9733, Test: 0.9736

2025-07-03 23:52:40,018 - INFO - Ёксперимент: grid_128-128-16
2025-07-03 23:52:40,018 - INFO - ѕараметры: 119226, ¬рем€: 47.63s
2025-07-03 23:52:40,018 - INFO - »тогова€ точность - Train: 0.9739, Test: 0.9708

2025-07-03 23:53:27,621 - INFO - Ёксперимент: grid_256-32-16
2025-07-03 23:53:27,621 - INFO - ѕараметры: 209882, ¬рем€: 47.60s
2025-07-03 23:53:27,621 - INFO - »тогова€ точность - Train: 0.9754, Test: 0.9719

2025-07-03 23:54:15,285 - INFO - Ёксперимент: grid_256-64-16
2025-07-03 23:54:15,286 - INFO - ѕараметры: 218618, ¬рем€: 47.66s
2025-07-03 23:54:15,286 - INFO - »тогова€ точность - Train: 0.9766, Test: 0.9744

2025-07-03 23:55:04,387 - INFO - Ёксперимент: grid_256-128-16
2025-07-03 23:55:04,387 - INFO - ѕараметры: 236090, ¬рем€: 49.10s
2025-07-03 23:55:04,387 - INFO - »тогова€ точность - Train: 0.9773, Test: 0.9751

