2025-07-03 22:53:35,102 - INFO - Starting depth experiment with depth=1
2025-07-03 22:54:57,270 - INFO - Ёксперимент: depth_1
2025-07-03 22:54:57,270 - INFO - ѕараметры: 101770, ¬рем€: 82.17s
2025-07-03 22:54:57,270 - INFO - »тогова€ точность - Train: 0.9855, Test: 0.9762

2025-07-03 22:54:57,563 - INFO - Starting depth experiment with depth=2
2025-07-03 22:56:16,360 - INFO - Ёксперимент: depth_2
2025-07-03 22:56:16,360 - INFO - ѕараметры: 118282, ¬рем€: 78.80s
2025-07-03 22:56:16,360 - INFO - »тогова€ точность - Train: 0.9847, Test: 0.9738

2025-07-03 22:56:16,614 - INFO - Starting depth experiment with depth=3
2025-07-03 22:57:37,036 - INFO - Ёксперимент: depth_3
2025-07-03 22:57:37,036 - INFO - ѕараметры: 134794, ¬рем€: 80.42s
2025-07-03 22:57:37,036 - INFO - »тогова€ точность - Train: 0.9835, Test: 0.9779

2025-07-03 22:57:37,346 - INFO - Starting depth experiment with depth=5
2025-07-03 22:58:58,788 - INFO - Ёксперимент: depth_5
2025-07-03 22:58:58,788 - INFO - ѕараметры: 167818, ¬рем€: 81.44s
2025-07-03 22:58:58,788 - INFO - »тогова€ точность - Train: 0.9803, Test: 0.9734

2025-07-03 22:58:59,033 - INFO - Starting depth experiment with depth=7
2025-07-03 23:00:21,254 - INFO - Ёксперимент: depth_7
2025-07-03 23:00:21,254 - INFO - ѕараметры: 200842, ¬рем€: 82.22s
2025-07-03 23:00:21,254 - INFO - »тогова€ точность - Train: 0.9778, Test: 0.9695

2025-07-03 23:00:21,531 - INFO - Overfitting analysis with depth=1, BN+Dropout
2025-07-03 23:02:55,400 - INFO - Ёксперимент: overfit_depth_1
2025-07-03 23:02:55,400 - INFO - ѕараметры: 102026, ¬рем€: 153.87s
2025-07-03 23:02:55,400 - INFO - »тогова€ точность - Train: 0.9743, Test: 0.9796

2025-07-03 23:02:55,627 - INFO - Overfitting analysis with depth=2, BN+Dropout
2025-07-03 23:05:32,839 - INFO - Ёксперимент: overfit_depth_2
2025-07-03 23:05:32,839 - INFO - ѕараметры: 118794, ¬рем€: 157.21s
2025-07-03 23:05:32,840 - INFO - »тогова€ точность - Train: 0.9710, Test: 0.9800

2025-07-03 23:05:33,173 - INFO - Overfitting analysis with depth=3, BN+Dropout
2025-07-03 23:08:14,569 - INFO - Ёксперимент: overfit_depth_3
2025-07-03 23:08:14,569 - INFO - ѕараметры: 135562, ¬рем€: 161.40s
2025-07-03 23:08:14,569 - INFO - »тогова€ точность - Train: 0.9675, Test: 0.9782

2025-07-03 23:08:14,803 - INFO - Overfitting analysis with depth=5, BN+Dropout
2025-07-03 23:11:03,339 - INFO - Ёксперимент: overfit_depth_5
2025-07-03 23:11:03,339 - INFO - ѕараметры: 169098, ¬рем€: 168.53s
2025-07-03 23:11:03,339 - INFO - »тогова€ точность - Train: 0.9597, Test: 0.9794

2025-07-03 23:11:03,589 - INFO - Overfitting analysis with depth=7, BN+Dropout
2025-07-03 23:14:06,312 - INFO - Ёксперимент: overfit_depth_7
2025-07-03 23:14:06,312 - INFO - ѕараметры: 202634, ¬рем€: 182.72s
2025-07-03 23:14:06,312 - INFO - »тогова€ точность - Train: 0.9539, Test: 0.9759

